app/mapping.txt
# compiler: R8
# compiler_version: 1.6.67
# min_api: 19
# pg_map_id: 50bb18d
# common_typos_disable
eu.kozaris.covidApp.activity.HomeActivity -> eu.kozaris.covidApp.activity.HomeActivity:
    1:1:androidx.fragment.app.FragmentTransaction androidx.fragment.app.FragmentManagerImpl.beginTransaction():0:0 -> a
    1:1:void callFragment(androidx.fragment.app.Fragment):0 -> a
    2:2:androidx.fragment.app.FragmentTransaction androidx.fragment.app.FragmentTransaction.replace(int,androidx.fragment.app.Fragment,java.lang.String):0:0 -> a
    2:2:androidx.fragment.app.FragmentTransaction androidx.fragment.app.FragmentTransaction.replace(int,androidx.fragment.app.Fragment):0 -> a
    2:2:void callFragment(androidx.fragment.app.Fragment):0 -> a
    3:3:int androidx.fragment.app.BackStackRecord.commit():0:0 -> a
    3:3:void callFragment(androidx.fragment.app.Fragment):0 -> a
    4:4:androidx.fragment.app.FragmentTransaction androidx.fragment.app.FragmentManagerImpl.beginTransaction():0:0 -> a
    4:4:void callFragment(androidx.fragment.app.Fragment):0 -> a
    1:1:boolean androidx.fragment.app.Fragment.isVisible():0:0 -> onBackPressed
    1:1:void onBackPressed():0 -> onBackPressed
    2:2:boolean androidx.fragment.app.Fragment.isHidden():0:0 -> onBackPressed
    2:2:boolean androidx.fragment.app.Fragment.isVisible():0 -> onBackPressed
    2:2:void onBackPressed():0 -> onBackPressed
    3:3:boolean androidx.fragment.app.Fragment.isVisible():0:0 -> onBackPressed
    3:3:void onBackPressed():0 -> onBackPressed
    4:4:void onBackPressed():0:0 -> onBackPressed
eu.kozaris.covidApp.activity.HomeActivity$1 -> eu.kozaris.covidApp.activity.HomeActivity$a:
    eu.kozaris.covidApp.activity.HomeActivity this$0 -> a
eu.kozaris.covidApp.activity.HomeActivity$2 -> myobfuscated.eo:
    eu.kozaris.covidApp.activity.HomeActivity this$0 -> b
    1:1:eu.kozaris.covidApp.fragment.SearchFragment eu.kozaris.covidApp.fragment.SearchFragment.getInstance():0:0 -> afterTextChanged
    1:1:void afterTextChanged(android.text.Editable):0 -> afterTextChanged
    2:2:void afterTextChanged(android.text.Editable):0:0 -> afterTextChanged
    3:3:void eu.kozaris.covidApp.fragment.SearchFragment.getSearch(java.lang.String):0:0 -> afterTextChanged
    3:3:void afterTextChanged(android.text.Editable):0 -> afterTextChanged
    4:4:android.widget.Filter eu.kozaris.covidApp.adepter.SummryAdb.getFilter():0:0 -> afterTextChanged
    4:4:void eu.kozaris.covidApp.fragment.SearchFragment.getSearch(java.lang.String):0 -> afterTextChanged
    4:4:void afterTextChanged(android.text.Editable):0 -> afterTextChanged
    5:5:void eu.kozaris.covidApp.fragment.SearchFragment.getSearch(java.lang.String):0:0 -> afterTextChanged
    5:5:void afterTextChanged(android.text.Editable):0 -> afterTextChanged
    6:6:android.widget.Filter eu.kozaris.covidApp.adepter.SummryAdb.getFilter():0:0 -> afterTextChanged
    6:6:void eu.kozaris.covidApp.fragment.SearchFragment.getSearch(java.lang.String):0 -> afterTextChanged
    6:6:void afterTextChanged(android.text.Editable):0 -> afterTextChanged
    7:7:eu.kozaris.covidApp.fragment.IndiaFragment eu.kozaris.covidApp.fragment.IndiaFragment.getInstance():0:0 -> afterTextChanged
...
com.bumptech.glide.manager.ConnectivityMonitor$ConnectivityListener -> myobfuscated.vl$a:
com.bumptech.glide.manager.ConnectivityMonitorFactory -> myobfuscated.wl:
com.bumptech.glide.manager.DefaultConnectivityMonitor -> myobfuscated.xl:
    android.content.Context context -> a
    android.content.BroadcastReceiver connectivityReceiver -> e
    com.bumptech.glide.manager.ConnectivityMonitor$ConnectivityListener listener -> b
    boolean isConnected -> c
    boolean isRegistered -> d
    1:1:java.lang.Object com.bumptech.glide.util.Preconditions.checkNotNull(java.lang.Object):0:0 -> a
    1:1:boolean isConnected(android.content.Context):0 -> a
    2:2:boolean isConnected(android.content.Context):0:0 -> a
    3:3:void register():0:0 -> a
    3:3:void onStart():0 -> a
    1:1:void unregister():0:0 -> b
    1:1:void onStop():0 -> b
    void onDestroy() -> d
com.bumptech.glide.manager.DefaultConnectivityMonitor$1 -> myobfuscated.xl$a:
    com.bumptech.glide.manager.DefaultConnectivityMonitor this$0 -> a
com.bumptech.glide.manager.DefaultConnectivityMonitorFactory -> myobfuscated.yl:
com.bumptech.glide.manager.EmptyRequestManagerTreeNode -> myobfuscated.zl:
com.bumptech.glide.manager.Lifecycle -> myobfuscated.am:
    void addListener(com.bumptech.glide.manager.LifecycleListener) -> a
    void removeListener(com.bumptech.glide.manager.LifecycleListener) -> b
com.bumptech.glide.manager.LifecycleListener -> myobfuscated.bm:
    void onStart() -> a
    void onStop() -> b
    void onDestroy() -> d
com.bumptech.glide.manager.NullConnectivityMonitor -> myobfuscated.cm:
    void onStart() -> a
    void onStop() -> b
    void onDestroy() -> d
com.bumptech.glide.manager.RequestManagerFragment -> myobfuscated.dm:
    java.util.Set childRequestManagerFragments -> d
    com.bumptech.glide.manager.RequestManagerTreeNode requestManagerTreeNode -> c
    android.app.Fragment parentFragmentHint -> g
    com.bumptech.glide.manager.ActivityFragmentLifecycle lifecycle -> b
    com.bumptech.glide.RequestManager requestManager -> e
    com.bumptech.glide.manager.RequestManagerFragment rootRequestManagerFragment -> f
    1:1:void <init>(com.bumptech.glide.manager.ActivityFragmentLifecycle):0:0 -> <init>
    1:1:void <init>():0 -> <init>
    1:1:com.bumptech.glide.manager.RequestManagerRetriever com.bumptech.glide.Glide.getRequestManagerRetriever():0:0 -> a
    1:1:void registerFragmentWithRoot(android.app.Activity):0 -> a
    2:2:com.bumptech.glide.manager.RequestManagerFragment com.bumptech.glide.manager.RequestManagerRetriever.getRequestManagerFragment(android.app.Activity):0:0 -> a
    2:2:void registerFragmentWithRoot(android.app.Activity):0 -> a
    3:3:boolean com.bumptech.glide.manager.RequestManagerRetriever.isActivityVisible(android.app.Activity):0:0 -> a
    3:3:com.bumptech.glide.manager.RequestManagerFragment com.bumptech.glide.manager.RequestManagerRetriever.getRequestManagerFragment(android.app.Activity):0 -> a
    3:3:void registerFragmentWithRoot(android.app.Activity):0 -> a
com.bumptech.glide.manager.RequestManagerFragment$FragmentRequestManagerTreeNode -> myobfuscated.dm$a:
    com.bumptech.glide.manager.RequestManagerFragment this$0 -> a